# JRE version: OpenJDK Runtime Environment (11.0.11+9) (build 11.0.11+9-b60-7590822)
# Java VM: OpenJDK 64-Bit Server VM (11.0.11+9-b60-7590822, mixed mode, tiered, compressed oops, g1 gc, windows-amd64)
Heap:
 garbage-first heap   total 227328K, used 163115K [0x0000000080000000, 0x0000000100000000)
  region size 1024K, 57 young (58368K), 11 survivors (11264K)
 Metaspace       used 112046K, capacity 115126K, committed 115456K, reserved 1148928K
  class space    used 14108K, capacity 15255K, committed 15360K, reserved 1048576K
GC Heap History (20 events):
Event: 280.526 GC heap before
{Heap before GC invocations=28 (full 0):
 garbage-first heap   total 227328K, used 192400K [0x0000000080000000, 0x0000000100000000)
  region size 1024K, 89 young (91136K), 7 survivors (7168K)
 Metaspace       used 101035K, capacity 103458K, committed 103552K, reserved 1138688K
  class space    used 12753K, capacity 13619K, committed 13696K, reserved 1048576K
}
Event: 280.533 GC heap after
{Heap after GC invocations=29 (full 0):
 garbage-first heap   total 227328K, used 110218K [0x0000000080000000, 0x0000000100000000)
  region size 1024K, 7 young (7168K), 7 survivors (7168K)
 Metaspace       used 101035K, capacity 103458K, committed 103552K, reserved 1138688K
  class space    used 12753K, capacity 13619K, committed 13696K, reserved 1048576K
}
Event: 285.667 GC heap before
{Heap before GC invocations=29 (full 0):
 garbage-first heap   total 227328K, used 194186K [0x0000000080000000, 0x0000000100000000)
  region size 1024K, 90 young (92160K), 7 survivors (7168K)
 Metaspace       used 101400K, capacity 103863K, committed 104064K, reserved 1140736K
  class space    used 12781K, capacity 13664K, committed 13696K, reserved 1048576K
}
Event: 285.673 GC heap after
{Heap after GC invocations=30 (full 0):
 garbage-first heap   total 227328K, used 110900K [0x0000000080000000, 0x0000000100000000)
  region size 1024K, 6 young (6144K), 6 survivors (6144K)
 Metaspace       used 101400K, capacity 103863K, committed 104064K, reserved 1140736K
  class space    used 12781K, capacity 13664K, committed 13696K, reserved 1048576K
}
Event: 285.849 GC heap before
{Heap before GC invocations=31 (full 0):
 garbage-first heap   total 227328K, used 113972K [0x0000000080000000, 0x0000000100000000)
  region size 1024K, 10 young (10240K), 6 survivors (6144K)
 Metaspace       used 101428K, capacity 103872K, committed 104064K, reserved 1140736K
  class space    used 12784K, capacity 13667K, committed 13696K, reserved 1048576K
}
Event: 285.853 GC heap after
{Heap after GC invocations=32 (full 0):
 garbage-first heap   total 227328K, used 109758K [0x0000000080000000, 0x0000000100000000)
  region size 1024K, 5 young (5120K), 5 survivors (5120K)
 Metaspace       used 101428K, capacity 103872K, committed 104064K, reserved 1140736K
  class space    used 12784K, capacity 13667K, committed 13696K, reserved 1048576K
}
Event: 286.035 GC heap before
{Heap before GC invocations=33 (full 0):
 garbage-first heap   total 227328K, used 197822K [0x0000000080000000, 0x0000000100000000)
  region size 1024K, 89 young (91136K), 5 survivors (5120K)
 Metaspace       used 101428K, capacity 103872K, committed 104064K, reserved 1140736K
  class space    used 12784K, capacity 13667K, committed 13696K, reserved 1048576K
}
Event: 286.040 GC heap after
{Heap after GC invocations=34 (full 0):
 garbage-first heap   total 227328K, used 113166K [0x0000000080000000, 0x0000000100000000)
  region size 1024K, 6 young (6144K), 6 survivors (6144K)
 Metaspace       used 101428K, capacity 103872K, committed 104064K, reserved 1140736K
  class space    used 12784K, capacity 13667K, committed 13696K, reserved 1048576K
}
Event: 286.301 GC heap before
{Heap before GC invocations=34 (full 0):
 garbage-first heap   total 227328K, used 169486K [0x0000000080000000, 0x0000000100000000)
  region size 1024K, 62 young (63488K), 6 survivors (6144K)
 Metaspace       used 101473K, capacity 103872K, committed 104064K, reserved 1140736K
  class space    used 12789K, capacity 13667K, committed 13696K, reserved 1048576K
}
Event: 286.305 GC heap after
{Heap after GC invocations=35 (full 0):
 garbage-first heap   total 227328K, used 109735K [0x0000000080000000, 0x0000000100000000)
  region size 1024K, 5 young (5120K), 5 survivors (5120K)
 Metaspace       used 101473K, capacity 103872K, committed 104064K, reserved 1140736K
  class space    used 12789K, capacity 13667K, committed 13696K, reserved 1048576K
}
Event: 286.707 GC heap before
{Heap before GC invocations=36 (full 0):
 garbage-first heap   total 227328K, used 198823K [0x0000000080000000, 0x0000000100000000)
  region size 1024K, 90 young (92160K), 5 survivors (5120K)
 Metaspace       used 101714K, capacity 104160K, committed 104448K, reserved 1140736K
  class space    used 12804K, capacity 13699K, committed 13824K, reserved 1048576K
}
Event: 286.712 GC heap after
{Heap after GC invocations=37 (full 0):
 garbage-first heap   total 227328K, used 114555K [0x0000000080000000, 0x0000000100000000)
  region size 1024K, 8 young (8192K), 8 survivors (8192K)
 Metaspace       used 101714K, capacity 104160K, committed 104448K, reserved 1140736K
  class space    used 12804K, capacity 13699K, committed 13824K, reserved 1048576K
}
Event: 286.972 GC heap before
{Heap before GC invocations=37 (full 0):
 garbage-first heap   total 227328K, used 194427K [0x0000000080000000, 0x0000000100000000)
  region size 1024K, 86 young (88064K), 8 survivors (8192K)
 Metaspace       used 101719K, capacity 104160K, committed 104448K, reserved 1140736K
  class space    used 12804K, capacity 13699K, committed 13824K, reserved 1048576K
}
Event: 286.976 GC heap after
{Heap after GC invocations=38 (full 0):
 garbage-first heap   total 227328K, used 114885K [0x0000000080000000, 0x0000000100000000)
  region size 1024K, 6 young (6144K), 6 survivors (6144K)
 Metaspace       used 101719K, capacity 104160K, committed 104448K, reserved 1140736K
  class space    used 12804K, capacity 13699K, committed 13824K, reserved 1048576K
}
Event: 287.207 GC heap before
{Heap before GC invocations=39 (full 0):
 garbage-first heap   total 227328K, used 196805K [0x0000000080000000, 0x0000000100000000)
  region size 1024K, 86 young (88064K), 6 survivors (6144K)
 Metaspace       used 101730K, capacity 104160K, committed 104448K, reserved 1140736K
  class space    used 12805K, capacity 13699K, committed 13824K, reserved 1048576K
}
Event: 287.210 GC heap after
{Heap after GC invocations=40 (full 0):
 garbage-first heap   total 227328K, used 115094K [0x0000000080000000, 0x0000000100000000)
  region size 1024K, 6 young (6144K), 6 survivors (6144K)
 Metaspace       used 101730K, capacity 104160K, committed 104448K, reserved 1140736K
  class space    used 12805K, capacity 13699K, committed 13824K, reserved 1048576K
}
Event: 342.348 GC heap before
{Heap before GC invocations=40 (full 0):
 garbage-first heap   total 227328K, used 197014K [0x0000000080000000, 0x0000000100000000)
  region size 1024K, 86 young (88064K), 6 survivors (6144K)
 Metaspace       used 105722K, capacity 108399K, committed 108544K, reserved 1142784K
  class space    used 13348K, capacity 14329K, committed 14336K, reserved 1048576K
}
Event: 342.352 GC heap after
{Heap after GC invocations=41 (full 0):
 garbage-first heap   total 227328K, used 111998K [0x0000000080000000, 0x0000000100000000)
  region size 1024K, 5 young (5120K), 5 survivors (5120K)
 Metaspace       used 105722K, capacity 108399K, committed 108544K, reserved 1142784K
  class space    used 13348K, capacity 14329K, committed 14336K, reserved 1048576K
}
Event: 599.497 GC heap before
{Heap before GC invocations=42 (full 0):
 garbage-first heap   total 227328K, used 195966K [0x0000000080000000, 0x0000000100000000)
  region size 1024K, 88 young (90112K), 5 survivors (5120K)
 Metaspace       used 109285K, capacity 112222K, committed 112384K, reserved 1146880K
  class space    used 13780K, capacity 14836K, committed 14848K, reserved 1048576K
}
Event: 599.509 GC heap after
{Heap after GC invocations=43 (full 0):
 garbage-first heap   total 227328K, used 118059K [0x0000000080000000, 0x0000000100000000)
  region size 1024K, 11 young (11264K), 11 survivors (11264K)
 Metaspace       used 109285K, capacity 112222K, committed 112384K, reserved 1146880K
  class space    used 13780K, capacity 14836K, committed 14848K, reserved 1048576K
}

